Using pre-set license
Built from '2020.3/staging' branch; Version is '2020.3.48f1 (b805b124c6b7) revision 12060081'; Using compiler version '192528614'; Build Type 'Release'
OS: 'Windows 11  (10.0.22631) 64bit Professional' Language: 'ko' Physical Memory: 16213 MB
BatchMode: 1, IsHumanControllingUs: 0, StartBugReporterOnCrash: 0, Is64bit: 1, IsPro: 0

COMMAND LINE ARGUMENTS:
C:\Program Files\Unity\Hub\Editor\2020.3.48f1\Editor\Unity.exe
-adb2
-batchMode
-noUpm
-name
AssetImportWorker0
-projectPath
C:/Users/User/Desktop/Unity_FoolGuys/TeamProject
-logFile
Logs/AssetImportWorker0.log
-srvPort
63949
Successfully changed project path to: C:/Users/User/Desktop/Unity_FoolGuys/TeamProject
C:/Users/User/Desktop/Unity_FoolGuys/TeamProject
Using Asset Import Pipeline V2.
Player connection [8176] Host "[IP] 192.168.0.25 [Port] 73 [Flags] 2 [Guid] 1309904607 [EditorId] 1309904607 [Version] 1048832 [Id] WindowsEditor(7,DESKTOP-7FL9E6G) [Debug] 1 [PackageName] WindowsEditor [ProjectName] Editor" joined multi-casting on [225.0.0.222:54997]...

Player connection [8176] Host "[IP] 192.168.0.25 [Port] 73 [Flags] 2 [Guid] 1309904607 [EditorId] 1309904607 [Version] 1048832 [Id] WindowsEditor(7,DESKTOP-7FL9E6G) [Debug] 1 [PackageName] WindowsEditor [ProjectName] Editor" joined alternative multi-casting on [225.0.0.222:34997]...

Refreshing native plugins compatible for Editor in 18.08 ms, found 2 plugins.
Preloading 0 native plugins for Editor in 0.00 ms.
Initialize engine version: 2020.3.48f1 (b805b124c6b7)
[Subsystems] Discovering subsystems at path C:/Program Files/Unity/Hub/Editor/2020.3.48f1/Editor/Data/Resources/UnitySubsystems
[Subsystems] Discovering subsystems at path C:/Users/User/Desktop/Unity_FoolGuys/TeamProject/Assets
GfxDevice: creating device client; threaded=0
Direct3D:
    Version:  Direct3D 11.0 [level 11.1]
    Renderer: NVIDIA GeForce GTX 1660 SUPER (ID=0x21c4)
    Vendor:   
    VRAM:     5980 MB
    Driver:   31.0.15.3623
Initialize mono
Mono path[0] = 'C:/Program Files/Unity/Hub/Editor/2020.3.48f1/Editor/Data/Managed'
Mono path[1] = 'C:/Program Files/Unity/Hub/Editor/2020.3.48f1/Editor/Data/MonoBleedingEdge/lib/mono/unityjit'
Mono config path = 'C:/Program Files/Unity/Hub/Editor/2020.3.48f1/Editor/Data/MonoBleedingEdge/etc'
Using monoOptions --debugger-agent=transport=dt_socket,embedding=1,server=y,suspend=n,address=127.0.0.1:56416
Begin MonoManager ReloadAssembly
Registering precompiled unity dll's ...
Register platform support module: C:/Program Files/Unity/Hub/Editor/2020.3.48f1/Editor/Data/PlaybackEngines/WebGLSupport/UnityEditor.WebGL.Extensions.dll
Register platform support module: C:/Program Files/Unity/Hub/Editor/2020.3.48f1/Editor/Data/PlaybackEngines/WindowsStandaloneSupport/UnityEditor.WindowsStandalone.Extensions.dll
Registered in 0.000829 seconds.
Native extension for WindowsStandalone target not found
Native extension for WebGL target not found
Refreshing native plugins compatible for Editor in 16.20 ms, found 2 plugins.
Preloading 0 native plugins for Editor in 0.00 ms.
Mono: successfully reloaded assembly
- Completed reload, in  0.368 seconds
Domain Reload Profiling:
	ReloadAssembly (368ms)
		BeginReloadAssembly (50ms)
			ExecutionOrderSort (0ms)
			DisableScriptedObjects (0ms)
			BackupInstance (0ms)
			ReleaseScriptingObjects (0ms)
			CreateAndSetChildDomain (0ms)
		EndReloadAssembly (275ms)
			LoadAssemblies (50ms)
			RebuildTransferFunctionScriptingTraits (0ms)
			SetupTypeCache (94ms)
			ReleaseScriptCaches (0ms)
			RebuildScriptCaches (16ms)
			SetupLoadedEditorAssemblies (96ms)
				LogAssemblyErrors (0ms)
				InitializePlatformSupportModulesInManaged (3ms)
				SetLoadedEditorAssemblies (0ms)
				RefreshPlugins (16ms)
				BeforeProcessingInitializeOnLoad (9ms)
				ProcessInitializeOnLoadAttributes (51ms)
				ProcessInitializeOnLoadMethodAttributes (17ms)
				AfterProcessingInitializeOnLoad (0ms)
				EditorAssembliesLoaded (0ms)
			ExecutionOrderSort2 (0ms)
			AwakeInstancesAfterBackupRestoration (0ms)
Platform modules already initialized, skipping
Registering precompiled user dll's ...
Registered in 0.001231 seconds.
Begin MonoManager ReloadAssembly
Native extension for WindowsStandalone target not found
Native extension for WebGL target not found
Refreshing native plugins compatible for Editor in 0.28 ms, found 2 plugins.
Preloading 0 native plugins for Editor in 0.00 ms.
Mono: successfully reloaded assembly
- Completed reload, in  0.578 seconds
Domain Reload Profiling:
	ReloadAssembly (578ms)
		BeginReloadAssembly (85ms)
			ExecutionOrderSort (0ms)
			DisableScriptedObjects (3ms)
			BackupInstance (0ms)
			ReleaseScriptingObjects (0ms)
			CreateAndSetChildDomain (11ms)
		EndReloadAssembly (460ms)
			LoadAssemblies (52ms)
			RebuildTransferFunctionScriptingTraits (0ms)
			SetupTypeCache (158ms)
			ReleaseScriptCaches (0ms)
			RebuildScriptCaches (23ms)
			SetupLoadedEditorAssemblies (180ms)
				LogAssemblyErrors (0ms)
				InitializePlatformSupportModulesInManaged (4ms)
				SetLoadedEditorAssemblies (0ms)
				RefreshPlugins (0ms)
				BeforeProcessingInitializeOnLoad (45ms)
				ProcessInitializeOnLoadAttributes (124ms)
				ProcessInitializeOnLoadMethodAttributes (5ms)
				AfterProcessingInitializeOnLoad (2ms)
				EditorAssembliesLoaded (0ms)
			ExecutionOrderSort2 (0ms)
			AwakeInstancesAfterBackupRestoration (1ms)
Platform modules already initialized, skipping
========================================================================
Worker process is ready to serve import requests
Launched and connected shader compiler UnityShaderCompiler.exe after 0.03 seconds
Refreshing native plugins compatible for Editor in 0.19 ms, found 2 plugins.
Preloading 0 native plugins for Editor in 0.00 ms.
Unloading 1341 Unused Serialized files (Serialized files now loaded: 0)
System memory in use before: 67.0 MB.
System memory in use after: 67.0 MB.

Unloading 16 unused Assets to reduce memory usage. Loaded Objects now: 1781.
Total: 1.622700 ms (FindLiveObjects: 0.072000 ms CreateObjectMapping: 0.021200 ms MarkObjects: 1.486100 ms  DeleteObjects: 0.042600 ms)

AssetImportParameters requested are different than current active one (requested -> active):
  custom:framework-win-MediaFoundation: 216162199b28c13a410421893ffa2e32 -> 
  custom:video-decoder-ogg-theora: a1e56fd34408186e4bbccfd4996cb3dc -> 
  custom:container-muxer-webm: aa71ff27fc2769a1b78a27578f13a17b -> 
  custom:container-demuxer-webm: 4f35f7cbe854078d1ac9338744f61a02 -> 
  custom:container-demuxer-ogg: 62fdf1f143b41e24485cea50d1cbac27 -> 
  custom:video-encoder-webm-vp8: eb34c28f22e8b96e1ab97ce403110664 -> 
  custom:video-decoder-webm-vp8: 9c59270c3fd7afecdb556c50c9e8de78 -> 
  custom:audio-decoder-ogg-vorbis: bf7c407c2cedff20999df2af8eb42d56 -> 
  custom:audio-encoder-webm-vorbis: bf7c407c2cedff20999df2af8eb42d56 -> 
========================================================================
Received Import Request.
  path: Assets/01. Scenes/1.MainScene.unity
  artifactKey: Guid(eb61612e28b4c76439a411b7f35f6d7f) Importer(815301076,1909f56bfc062723c751e8b465ee728b)
Start importing Assets/01. Scenes/1.MainScene.unity using Guid(eb61612e28b4c76439a411b7f35f6d7f) Importer(815301076,1909f56bfc062723c751e8b465ee728b)  -> (artifact id: 'ca27130cbc754d836513cca21c433f9e') in 0.006695 seconds 
========================================================================
Received Import Request.
  Time since last request: 1.797778 seconds.
  path: Assets/01. Scenes/scMap001.unity
  artifactKey: Guid(5105a8ed32ea7dd4a8adbf26b93e0c32) Importer(815301076,1909f56bfc062723c751e8b465ee728b)
Start importing Assets/01. Scenes/scMap001.unity using Guid(5105a8ed32ea7dd4a8adbf26b93e0c32) Importer(815301076,1909f56bfc062723c751e8b465ee728b)  -> (artifact id: 'adaf3fe8f2a49850deb5a6e2f7f52212') in 0.007422 seconds 
========================================================================
Received Import Request.
  Time since last request: 57.591560 seconds.
  path: Assets/07. Res/PartyMonsterDuo/Material/DefaultPBR01.mat
  artifactKey: Guid(c15c315488711804d80c2b2bab50154c) Importer(815301076,1909f56bfc062723c751e8b465ee728b)
Start importing Assets/07. Res/PartyMonsterDuo/Material/DefaultPBR01.mat using Guid(c15c315488711804d80c2b2bab50154c) Importer(815301076,1909f56bfc062723c751e8b465ee728b)  -> (artifact id: '7f81efe14fc4258238ac8ee1df186eda') in 0.111595 seconds 
========================================================================
Received Import Request.
  Time since last request: 0.000115 seconds.
  path: Assets/07. Res/PartyMonsterDuo/Material/Skybox_Mat.mat
  artifactKey: Guid(353466c49cf019540bf2ac95815b7c1e) Importer(815301076,1909f56bfc062723c751e8b465ee728b)
Start importing Assets/07. Res/PartyMonsterDuo/Material/Skybox_Mat.mat using Guid(353466c49cf019540bf2ac95815b7c1e) Importer(815301076,1909f56bfc062723c751e8b465ee728b)  -> (artifact id: 'a27107a74f24da7b53ff516e77aaa06a') in 0.020966 seconds 
========================================================================
Received Import Request.
  Time since last request: 0.000100 seconds.
  path: Assets/07. Res/AssetHunts - GameDev Starter Kit - Platformer [v1.0.0]/3D Models/FBXs/3D Tiles/Material/Platformer_Color_Palette_01 10.mat
  artifactKey: Guid(ba9a3a32c10a8454b8dcf3ac980559fe) Importer(815301076,1909f56bfc062723c751e8b465ee728b)
Start importing Assets/07. Res/AssetHunts - GameDev Starter Kit - Platformer [v1.0.0]/3D Models/FBXs/3D Tiles/Material/Platformer_Color_Palette_01 10.mat using Guid(ba9a3a32c10a8454b8dcf3ac980559fe) Importer(815301076,1909f56bfc062723c751e8b465ee728b)  -> (artifact id: 'a54ec612c646709172319ac912c56607') in 0.010672 seconds 
========================================================================
Received Import Request.
  Time since last request: 0.000131 seconds.
  path: Assets/07. Res/AssetHunts - GameDev Starter Kit - Platformer [v1.0.0]/3D Models/FBXs/Collectables/Material/Platformer_Color_Palette_01 4.mat
  artifactKey: Guid(eaa44d44487c2414c85b56bc57c707e9) Importer(815301076,1909f56bfc062723c751e8b465ee728b)
Start importing Assets/07. Res/AssetHunts - GameDev Starter Kit - Platformer [v1.0.0]/3D Models/FBXs/Collectables/Material/Platformer_Color_Palette_01 4.mat using Guid(eaa44d44487c2414c85b56bc57c707e9) Importer(815301076,1909f56bfc062723c751e8b465ee728b)  -> (artifact id: '9a01cd2770a6c90854b175b329ecaf7a') in 0.009787 seconds 
========================================================================
Received Import Request.
  Time since last request: 0.000106 seconds.
  path: Assets/07. Res/AssetHunts - GameDev Starter Kit - Platformer [v1.0.0]/3D Models/FBXs/3D Tiles/Material/Platformer_Color_Palette_01 17.mat
  artifactKey: Guid(2545c58b4ffbdcc4db4284d330b9081b) Importer(815301076,1909f56bfc062723c751e8b465ee728b)
Start importing Assets/07. Res/AssetHunts - GameDev Starter Kit - Platformer [v1.0.0]/3D Models/FBXs/3D Tiles/Material/Platformer_Color_Palette_01 17.mat using Guid(2545c58b4ffbdcc4db4284d330b9081b) Importer(815301076,1909f56bfc062723c751e8b465ee728b)  -> (artifact id: '9cb49b1c0d75c38f8d79178150a9eeb8') in 0.008651 seconds 
========================================================================
Received Import Request.
  Time since last request: 0.000105 seconds.
  path: Assets/07. Res/PartyMonsterDuo/Material/DefaultPBR02.mat
  artifactKey: Guid(f5fb83cc0815eec429d8e3c27094e525) Importer(815301076,1909f56bfc062723c751e8b465ee728b)
Start importing Assets/07. Res/PartyMonsterDuo/Material/DefaultPBR02.mat using Guid(f5fb83cc0815eec429d8e3c27094e525) Importer(815301076,1909f56bfc062723c751e8b465ee728b)  -> (artifact id: '5daaea920ad2073f309f147d9235d3b4') in 0.023265 seconds 
========================================================================
Received Import Request.
  Time since last request: 0.000141 seconds.
  path: Assets/07. Res/PartyMonsterDuo/Material/Stage.mat
  artifactKey: Guid(f2c23294678c47341aa7ffec8a34162a) Importer(815301076,1909f56bfc062723c751e8b465ee728b)
Start importing Assets/07. Res/PartyMonsterDuo/Material/Stage.mat using Guid(f2c23294678c47341aa7ffec8a34162a) Importer(815301076,1909f56bfc062723c751e8b465ee728b)  -> (artifact id: '21ccf005cd10e11878b044e159e2f028') in 0.034166 seconds 
========================================================================
Received Import Request.
  Time since last request: 0.000114 seconds.
  path: Assets/03. Materials/m_SlimeLoad.mat
  artifactKey: Guid(262f0c10005e3dc48b5b99768f3d6388) Importer(815301076,1909f56bfc062723c751e8b465ee728b)
Start importing Assets/03. Materials/m_SlimeLoad.mat using Guid(262f0c10005e3dc48b5b99768f3d6388) Importer(815301076,1909f56bfc062723c751e8b465ee728b)  -> (artifact id: 'b5a1811fdfcb0c5b781bd9a297cd3b53') in 0.013424 seconds 
========================================================================
Received Import Request.
  Time since last request: 0.000104 seconds.
  path: Assets/03. Materials/m_Ground.mat
  artifactKey: Guid(65fa16398048b6d4cb82693a2f2aa8a9) Importer(815301076,1909f56bfc062723c751e8b465ee728b)
Start importing Assets/03. Materials/m_Ground.mat using Guid(65fa16398048b6d4cb82693a2f2aa8a9) Importer(815301076,1909f56bfc062723c751e8b465ee728b)  -> (artifact id: '58255ca51f56c7873ffa1d78a2c8cb52') in 0.008162 seconds 
========================================================================
Received Import Request.
  Time since last request: 0.000113 seconds.
  path: Assets/07. Res/PartyMonsterDuo/Material/DefaultPolyart.mat
  artifactKey: Guid(e6c4e27510e2d164d86c33ef2069b47a) Importer(815301076,1909f56bfc062723c751e8b465ee728b)
Start importing Assets/07. Res/PartyMonsterDuo/Material/DefaultPolyart.mat using Guid(e6c4e27510e2d164d86c33ef2069b47a) Importer(815301076,1909f56bfc062723c751e8b465ee728b)  -> (artifact id: 'ca7e825f8f4856cc2c3dfd7471dc9510') in 0.012666 seconds 
========================================================================
Received Import Request.
  Time since last request: 0.000116 seconds.
  path: Assets/06. Res/LowPolyFoodLite/Materials/LP_FoodLite_MAIN.mat
  artifactKey: Guid(df7fe48a4062d5448bff2a0f1470487e) Importer(815301076,1909f56bfc062723c751e8b465ee728b)
Start importing Assets/06. Res/LowPolyFoodLite/Materials/LP_FoodLite_MAIN.mat using Guid(df7fe48a4062d5448bff2a0f1470487e) Importer(815301076,1909f56bfc062723c751e8b465ee728b)  -> (artifact id: '2bf8a4fe9af195b34704da994c9d0906') in 0.013358 seconds 
========================================================================
Received Import Request.
  Time since last request: 0.000106 seconds.
  path: Assets/07. Res/AssetHunts - GameDev Starter Kit - Platformer [v1.0.0]/3D Models/FBXs/3D Tiles/Material/Platformer_Color_Palette_01 36.mat
  artifactKey: Guid(c73e3117ac30adb419614e8f50966b7f) Importer(815301076,1909f56bfc062723c751e8b465ee728b)
Start importing Assets/07. Res/AssetHunts - GameDev Starter Kit - Platformer [v1.0.0]/3D Models/FBXs/3D Tiles/Material/Platformer_Color_Palette_01 36.mat using Guid(c73e3117ac30adb419614e8f50966b7f) Importer(815301076,1909f56bfc062723c751e8b465ee728b)  -> (artifact id: 'bf61175ff7a2222021de90915564cf4b') in 0.014407 seconds 
========================================================================
Received Prepare
Registering precompiled user dll's ...
Registered in 0.001273 seconds.
Begin MonoManager ReloadAssembly
Native extension for WindowsStandalone target not found
Native extension for WebGL target not found
Refreshing native plugins compatible for Editor in 0.18 ms, found 2 plugins.
Preloading 0 native plugins for Editor in 0.00 ms.
Mono: successfully reloaded assembly
- Completed reload, in  0.478 seconds
Domain Reload Profiling:
	ReloadAssembly (478ms)
		BeginReloadAssembly (62ms)
			ExecutionOrderSort (0ms)
			DisableScriptedObjects (2ms)
			BackupInstance (0ms)
			ReleaseScriptingObjects (0ms)
			CreateAndSetChildDomain (16ms)
		EndReloadAssembly (384ms)
			LoadAssemblies (49ms)
			RebuildTransferFunctionScriptingTraits (0ms)
			SetupTypeCache (132ms)
			ReleaseScriptCaches (0ms)
			RebuildScriptCaches (18ms)
			SetupLoadedEditorAssemblies (148ms)
				LogAssemblyErrors (0ms)
				InitializePlatformSupportModulesInManaged (3ms)
				SetLoadedEditorAssemblies (0ms)
				RefreshPlugins (0ms)
				BeforeProcessingInitializeOnLoad (37ms)
				ProcessInitializeOnLoadAttributes (102ms)
				ProcessInitializeOnLoadMethodAttributes (4ms)
				AfterProcessingInitializeOnLoad (2ms)
				EditorAssembliesLoaded (0ms)
			ExecutionOrderSort2 (0ms)
			AwakeInstancesAfterBackupRestoration (1ms)
Platform modules already initialized, skipping
Refreshing native plugins compatible for Editor in 0.18 ms, found 2 plugins.
Preloading 0 native plugins for Editor in 0.00 ms.
Unloading 1335 Unused Serialized files (Serialized files now loaded: 0)
System memory in use before: 70.5 MB.
System memory in use after: 70.6 MB.

Unloading 11 unused Assets to reduce memory usage. Loaded Objects now: 1826.
Total: 1.544000 ms (FindLiveObjects: 0.067200 ms CreateObjectMapping: 0.019500 ms MarkObjects: 1.444300 ms  DeleteObjects: 0.012600 ms)

AssetImportParameters requested are different than current active one (requested -> active):
  custom:framework-win-MediaFoundation: 216162199b28c13a410421893ffa2e32 -> 
  custom:video-decoder-ogg-theora: a1e56fd34408186e4bbccfd4996cb3dc -> 
  custom:container-muxer-webm: aa71ff27fc2769a1b78a27578f13a17b -> 
  custom:container-demuxer-webm: 4f35f7cbe854078d1ac9338744f61a02 -> 
  custom:container-demuxer-ogg: 62fdf1f143b41e24485cea50d1cbac27 -> 
  custom:video-encoder-webm-vp8: eb34c28f22e8b96e1ab97ce403110664 -> 
  custom:video-decoder-webm-vp8: 9c59270c3fd7afecdb556c50c9e8de78 -> 
  custom:audio-decoder-ogg-vorbis: bf7c407c2cedff20999df2af8eb42d56 -> 
  custom:audio-encoder-webm-vorbis: bf7c407c2cedff20999df2af8eb42d56 -> 
AssetImportWorkerClient::OnTransportError - code=2 error=End of file
